{'system_type': {'system_type': 'SP'}, 'system_info': {'headless': True, 'system': 'solution', 'path_out': '/home/au555720/charmm_auto/charmmgui/'}, 'details': {'preserve': {'option': True}, 'chains': [['PROA', 'first', 'ACE']], 'email': '201605043@post.au.dk', 'engine': 'gmx', 'ff': 'c36m', 'pdb_id': '1L58', 'ions': 'NaCl', 'password': '6KNzBsY37wQc', 'path': '/home/au555720/charmm_auto/charmmgui/Example_input_yaml/', 'temp': 310}}
/home/au555720/charmm_auto/charmmgui/zLiDlTmyxr
Waiting for: Protein Solution System
Found it!
Waiting for: Model/Chain Selection Option
Found it!
JOB ID: 6679191844
Waiting for: PDB Manipulation Options
Found it!
Waiting for: Add Ions
Found it!
Waiting for: Periodic Boundary Condition Options
Found it!
Waiting for: Force Field Options
Found it!
Waiting for: to continue equilibration and production simulations
Found it!
Ready to download from retrive job id JOB ID: 6679191844
starting download
Download done - unpacking starting
Unpacked
Job done - output under "/home/au555720/charmm_auto/charmmgui/charmm-gui-6679191844"
.{'system_type': {'system_type': 'SP'}, 'system_info': {'headless': True, 'system': 'solution', 'path_out': '/home/au555720/charmm_auto/charmmgui/'}, 'details': {'preserve': {'option': True}, 'chains': [['PROB', 'first', 'ACE'], ['PROB', 'last', 'CT3']], 'email': '201605043@post.au.dk', 'engine': 'gmx', 'ff': 'c36m', 'file_name': 'ins_trans.pdb', 'ions': 'NaCl', 'password': '6KNzBsY37wQc', 'path': '/home/au555720/charmm_auto/charmmgui/Example_input_yaml/', 'temp': 310}}
/home/au555720/charmm_auto/charmmgui/DfDXcajRNo
Waiting for: Protein Solution System
Found it!
Waiting for: Model/Chain Selection Option
Found it!
JOB ID: 6679232927
Waiting for: PDB Manipulation Options
Found it!
Waiting for: Add Ions
Found it!
Waiting for: Periodic Boundary Condition Options
Found it!
Waiting for: Force Field Options
Found it!
Waiting for: to continue equilibration and production simulations
Found it!
Ready to download from retrive job id JOB ID: 6679232927
starting download
Download done - unpacking starting
Unpacked
Job done - output under "/home/au555720/charmm_auto/charmmgui/charmm-gui-6679232927"
.{'system_type': {'system_type': 'MP'}, 'system_info': {'headless': True, 'system': 'membrane', 'path_out': '/home/au555720/charmm_auto/charmmgui/'}, 'details': {'preserve': {'option': True}, 'chains': [['PROB', 'first', 'ACE'], ['PROB', 'last', 'CT3']], 'lengthZ': {'option': None}, 'lipids': [{'lipid': 'chl1', 'upper': 1, 'lower': 1}, {'lipid': 'popc', 'upper': 10, 'lower': 10}], 'naas': [{'lipid': 'LAU', 'aa': 'GLY', 'cter': 'CTER', 'lower': 1, 'upper': 1}], 'orientation': {'option': 'PDB'}, 'position': {'option': 'X', 'value': 90}, 'email': '201605043@post.au.dk', 'engine': 'gmx', 'ff': 'c36m', 'file_name': 'ins_trans.pdb', 'ions': 'NaCl', 'password': '6KNzBsY37wQc', 'path': '/home/au555720/charmm_auto/charmmgui/Example_input_yaml/', 'temp': 310}}
/home/au555720/charmm_auto/charmmgui/HHRlpbXAIT
Waiting for: Protein/Membrane System
Found it!
Waiting for: Model/Chain Selection Option
Found it!
JOB ID: 6679257508
Waiting for: PDB Manipulation Options
Found it!
Waiting for: Area Calculation Options
Found it!
X
Waiting for: default surface area
Found it!
Waiting for: Calculated XY System Size
Found it!
Waiting for: Component Building Options
Still waiting for: Component Building Options (time elapsed 0.02 minutes)
Still waiting for: Component Building Options (time elapsed 5.18 minutes)
Still waiting for: Component Building Options (time elapsed 10.33 minutes)
Still waiting for: Component Building Options (time elapsed 15.43 minutes)
Still waiting for: Component Building Options (time elapsed 20.57 minutes)
Still waiting for: Component Building Options (time elapsed 25.71 minutes)
Still waiting for: Component Building Options (time elapsed 30.86 minutes)
Still waiting for: Component Building Options (time elapsed 36.00 minutes)
Still waiting for: Component Building Options (time elapsed 41.14 minutes)
Still waiting for: Component Building Options (time elapsed 46.35 minutes)
Still waiting for: Component Building Options (time elapsed 51.51 minutes)
Still waiting for: Component Building Options (time elapsed 56.62 minutes)
Still waiting for: Component Building Options (time elapsed 61.71 minutes)
Still waiting for: Component Building Options (time elapsed 66.82 minutes)
Still waiting for: Component Building Options (time elapsed 71.94 minutes)
Still waiting for: Component Building Options (time elapsed 77.05 minutes)
Still waiting for: Component Building Options (time elapsed 82.18 minutes)
Still waiting for: Component Building Options (time elapsed 87.30 minutes)
Still waiting for: Component Building Options (time elapsed 92.43 minutes)
Still waiting for: Component Building Options (time elapsed 97.55 minutes)
Still waiting for: Component Building Options (time elapsed 102.64 minutes)
Still waiting for: Component Building Options (time elapsed 107.72 minutes)
Still waiting for: Component Building Options (time elapsed 112.84 minutes)
Still waiting for: Component Building Options (time elapsed 117.97 minutes)
Still waiting for: Component Building Options (time elapsed 123.09 minutes)
Still waiting for: Component Building Options (time elapsed 128.21 minutes)
Still waiting for: Component Building Options (time elapsed 133.35 minutes)
Still waiting for: Component Building Options (time elapsed 138.49 minutes)
Still waiting for: Component Building Options (time elapsed 143.71 minutes)
Still waiting for: Component Building Options (time elapsed 148.92 minutes)
Still waiting for: Component Building Options (time elapsed 153.99 minutes)
Still waiting for: Component Building Options (time elapsed 159.09 minutes)
Still waiting for: Component Building Options (time elapsed 164.20 minutes)
Still waiting for: Component Building Options (time elapsed 169.32 minutes)
Still waiting for: Component Building Options (time elapsed 174.45 minutes)
Still waiting for: Component Building Options (time elapsed 179.58 minutes)
Still waiting for: Component Building Options (time elapsed 184.70 minutes)
Still waiting for: Component Building Options (time elapsed 189.92 minutes)
Still waiting for: Component Building Options (time elapsed 195.11 minutes)
Still waiting for: Component Building Options (time elapsed 200.42 minutes)
Still waiting for: Component Building Options (time elapsed 205.75 minutes)
Still waiting for: Component Building Options (time elapsed 210.76 minutes)
Still waiting for: Component Building Options (time elapsed 215.88 minutes)
Still waiting for: Component Building Options (time elapsed 221.01 minutes)
Still waiting for: Component Building Options (time elapsed 226.13 minutes)
Still waiting for: Component Building Options (time elapsed 231.29 minutes)
Still waiting for: Component Building Options (time elapsed 236.49 minutes)
Still waiting for: Component Building Options (time elapsed 241.55 minutes)
Still waiting for: Component Building Options (time elapsed 246.68 minutes)
Still waiting for: Component Building Options (time elapsed 251.80 minutes)
Still waiting for: Component Building Options (time elapsed 256.93 minutes)
Still waiting for: Component Building Options (time elapsed 262.08 minutes)
Still waiting for: Component Building Options (time elapsed 267.21 minutes)
Still waiting for: Component Building Options (time elapsed 272.34 minutes)
Still waiting for: Component Building Options (time elapsed 277.48 minutes)
Still waiting for: Component Building Options (time elapsed 282.64 minutes)
Still waiting for: Component Building Options (time elapsed 287.70 minutes)
Still waiting for: Component Building Options (time elapsed 292.81 minutes)
Still waiting for: Component Building Options (time elapsed 297.92 minutes)
Still waiting for: Component Building Options (time elapsed 303.05 minutes)
Still waiting for: Component Building Options (time elapsed 308.19 minutes)
Still waiting for: Component Building Options (time elapsed 313.33 minutes)
Still waiting for: Component Building Options (time elapsed 318.46 minutes)
Still waiting for: Component Building Options (time elapsed 323.61 minutes)
Still waiting for: Component Building Options (time elapsed 328.77 minutes)
Still waiting for: Component Building Options (time elapsed 333.82 minutes)
Still waiting for: Component Building Options (time elapsed 338.91 minutes)
Still waiting for: Component Building Options (time elapsed 344.03 minutes)
Still waiting for: Component Building Options (time elapsed 349.16 minutes)
Still waiting for: Component Building Options (time elapsed 354.30 minutes)
Still waiting for: Component Building Options (time elapsed 359.44 minutes)
Still waiting for: Component Building Options (time elapsed 364.57 minutes)
Still waiting for: Component Building Options (time elapsed 369.71 minutes)
Still waiting for: Component Building Options (time elapsed 374.88 minutes)
Still waiting for: Component Building Options (time elapsed 380.00 minutes)
Still waiting for: Component Building Options (time elapsed 385.28 minutes)
Still waiting for: Component Building Options (time elapsed 390.37 minutes)
Still waiting for: Component Building Options (time elapsed 395.57 minutes)
Still waiting for: Component Building Options (time elapsed 400.77 minutes)
Still waiting for: Component Building Options (time elapsed 405.97 minutes)
Still waiting for: Component Building Options (time elapsed 411.17 minutes)
Still waiting for: Component Building Options (time elapsed 416.38 minutes)
Still waiting for: Component Building Options (time elapsed 421.60 minutes)
Still waiting for: Component Building Options (time elapsed 426.74 minutes)
Still waiting for: Component Building Options (time elapsed 431.82 minutes)
Still waiting for: Component Building Options (time elapsed 437.00 minutes)
Still waiting for: Component Building Options (time elapsed 442.19 minutes)
Still waiting for: Component Building Options (time elapsed 447.39 minutes)
Still waiting for: Component Building Options (time elapsed 452.58 minutes)
Still waiting for: Component Building Options (time elapsed 457.77 minutes)
Still waiting for: Component Building Options (time elapsed 462.97 minutes)
Still waiting for: Component Building Options (time elapsed 468.15 minutes)
Still waiting for: Component Building Options (time elapsed 473.23 minutes)
Still waiting for: Component Building Options (time elapsed 478.35 minutes)
Still waiting for: Component Building Options (time elapsed 483.46 minutes)
Still waiting for: Component Building Options (time elapsed 488.57 minutes)
Still waiting for: Component Building Options (time elapsed 493.69 minutes)
Still waiting for: Component Building Options (time elapsed 498.81 minutes)
Still waiting for: Component Building Options (time elapsed 503.94 minutes)
Still waiting for: Component Building Options (time elapsed 509.06 minutes)
Still waiting for: Component Building Options (time elapsed 514.16 minutes)
Still waiting for: Component Building Options (time elapsed 519.24 minutes)
Still waiting for: Component Building Options (time elapsed 524.35 minutes)
Still waiting for: Component Building Options (time elapsed 529.47 minutes)
Still waiting for: Component Building Options (time elapsed 534.59 minutes)
Still waiting for: Component Building Options (time elapsed 539.71 minutes)
Still waiting for: Component Building Options (time elapsed 544.82 minutes)
Still waiting for: Component Building Options (time elapsed 549.94 minutes)
Still waiting for: Component Building Options (time elapsed 555.06 minutes)
Still waiting for: Component Building Options (time elapsed 560.20 minutes)
Still waiting for: Component Building Options (time elapsed 565.32 minutes)
Still waiting for: Component Building Options (time elapsed 570.45 minutes)
Still waiting for: Component Building Options (time elapsed 575.58 minutes)
Still waiting for: Component Building Options (time elapsed 580.71 minutes)
Still waiting for: Component Building Options (time elapsed 585.84 minutes)
Still waiting for: Component Building Options (time elapsed 590.98 minutes)
Still waiting for: Component Building Options (time elapsed 596.13 minutes)
Still waiting for: Component Building Options (time elapsed 601.27 minutes)
Still waiting for: Component Building Options (time elapsed 606.38 minutes)
Still waiting for: Component Building Options (time elapsed 611.49 minutes)
Still waiting for: Component Building Options (time elapsed 616.62 minutes)
Still waiting for: Component Building Options (time elapsed 621.77 minutes)
Still waiting for: Component Building Options (time elapsed 626.91 minutes)
Still waiting for: Component Building Options (time elapsed 632.05 minutes)
Still waiting for: Component Building Options (time elapsed 637.19 minutes)
Still waiting for: Component Building Options (time elapsed 642.33 minutes)
Still waiting for: Component Building Options (time elapsed 647.56 minutes)
Still waiting for: Component Building Options (time elapsed 652.77 minutes)
Still waiting for: Component Building Options (time elapsed 657.88 minutes)
Still waiting for: Component Building Options (time elapsed 663.01 minutes)
Still waiting for: Component Building Options (time elapsed 668.15 minutes)
Still waiting for: Component Building Options (time elapsed 673.29 minutes)
Still waiting for: Component Building Options (time elapsed 678.43 minutes)
Still waiting for: Component Building Options (time elapsed 683.57 minutes)
Still waiting for: Component Building Options (time elapsed 688.73 minutes)
Still waiting for: Component Building Options (time elapsed 693.77 minutes)
Still waiting for: Component Building Options (time elapsed 698.80 minutes)
Still waiting for: Component Building Options (time elapsed 703.92 minutes)
Still waiting for: Component Building Options (time elapsed 709.05 minutes)
Still waiting for: Component Building Options (time elapsed 714.20 minutes)
Still waiting for: Component Building Options (time elapsed 719.37 minutes)
Still waiting for: Component Building Options (time elapsed 724.52 minutes)
Still waiting for: Component Building Options (time elapsed 729.67 minutes)
Still waiting for: Component Building Options (time elapsed 734.83 minutes)
Still waiting for: Component Building Options (time elapsed 740.02 minutes)
Still waiting for: Component Building Options (time elapsed 745.09 minutes)
Still waiting for: Component Building Options (time elapsed 750.21 minutes)
Still waiting for: Component Building Options (time elapsed 755.33 minutes)
Still waiting for: Component Building Options (time elapsed 760.47 minutes)
Still waiting for: Component Building Options (time elapsed 765.62 minutes)
Still waiting for: Component Building Options (time elapsed 770.76 minutes)
Still waiting for: Component Building Options (time elapsed 775.91 minutes)
Still waiting for: Component Building Options (time elapsed 781.06 minutes)
Still waiting for: Component Building Options (time elapsed 786.19 minutes)
Still waiting for: Component Building Options (time elapsed 791.27 minutes)
Still waiting for: Component Building Options (time elapsed 796.41 minutes)
Still waiting for: Component Building Options (time elapsed 801.57 minutes)
Still waiting for: Component Building Options (time elapsed 806.73 minutes)
Still waiting for: Component Building Options (time elapsed 811.90 minutes)
Still waiting for: Component Building Options (time elapsed 817.06 minutes)
Still waiting for: Component Building Options (time elapsed 822.23 minutes)
Still waiting for: Component Building Options (time elapsed 827.40 minutes)
Still waiting for: Component Building Options (time elapsed 832.57 minutes)
Still waiting for: Component Building Options (time elapsed 837.70 minutes)
Still waiting for: Component Building Options (time elapsed 842.86 minutes)
Still waiting for: Component Building Options (time elapsed 848.06 minutes)
Still waiting for: Component Building Options (time elapsed 853.25 minutes)
Still waiting for: Component Building Options (time elapsed 858.44 minutes)
Still waiting for: Component Building Options (time elapsed 863.65 minutes)
Still waiting for: Component Building Options (time elapsed 868.85 minutes)
Still waiting for: Component Building Options (time elapsed 874.05 minutes)
Still waiting for: Component Building Options (time elapsed 879.25 minutes)
Still waiting for: Component Building Options (time elapsed 884.56 minutes)
Still waiting for: Component Building Options (time elapsed 889.71 minutes)
Still waiting for: Component Building Options (time elapsed 894.84 minutes)
Still waiting for: Component Building Options (time elapsed 899.99 minutes)
Still waiting for: Component Building Options (time elapsed 905.12 minutes)
Still waiting for: Component Building Options (time elapsed 910.26 minutes)
Still waiting for: Component Building Options (time elapsed 915.41 minutes)
Still waiting for: Component Building Options (time elapsed 920.56 minutes)
Still waiting for: Component Building Options (time elapsed 925.65 minutes)
Still waiting for: Component Building Options (time elapsed 930.77 minutes)
Still waiting for: Component Building Options (time elapsed 935.91 minutes)
Still waiting for: Component Building Options (time elapsed 941.06 minutes)
Still waiting for: Component Building Options (time elapsed 946.20 minutes)
Still waiting for: Component Building Options (time elapsed 951.35 minutes)
Still waiting for: Component Building Options (time elapsed 956.50 minutes)
Still waiting for: Component Building Options (time elapsed 961.65 minutes)
Still waiting for: Component Building Options (time elapsed 966.81 minutes)
Still waiting for: Component Building Options (time elapsed 971.93 minutes)
Still waiting for: Component Building Options (time elapsed 977.03 minutes)
Still waiting for: Component Building Options (time elapsed 982.16 minutes)
Still waiting for: Component Building Options (time elapsed 987.29 minutes)
Still waiting for: Component Building Options (time elapsed 992.42 minutes)
Still waiting for: Component Building Options (time elapsed 997.54 minutes)
Still waiting for: Component Building Options (time elapsed 1002.68 minutes)
Still waiting for: Component Building Options (time elapsed 1007.81 minutes)
Still waiting for: Component Building Options (time elapsed 1012.96 minutes)
Still waiting for: Component Building Options (time elapsed 1018.05 minutes)
Still waiting for: Component Building Options (time elapsed 1023.13 minutes)
Still waiting for: Component Building Options (time elapsed 1028.24 minutes)
Still waiting for: Component Building Options (time elapsed 1033.35 minutes)
Still waiting for: Component Building Options (time elapsed 1038.47 minutes)
Still waiting for: Component Building Options (time elapsed 1043.59 minutes)
window has been closed
Traceback (most recent call last):
  File "/home/au555720/miniconda3/lib/python3.7/site-packages/urllib3/connection.py", line 175, in _new_conn
    (self._dns_host, self.port), self.timeout, **extra_kw
  File "/home/au555720/miniconda3/lib/python3.7/site-packages/urllib3/util/connection.py", line 95, in create_connection
    raise err
  File "/home/au555720/miniconda3/lib/python3.7/site-packages/urllib3/util/connection.py", line 85, in create_connection
    sock.connect(sa)
ConnectionRefusedError: [Errno 111] Connection refused

During handling of the above exception, another exception occurred:

Traceback (most recent call last):
  File "/home/au555720/miniconda3/lib/python3.7/site-packages/urllib3/connectionpool.py", line 710, in urlopen
    chunked=chunked,
  File "/home/au555720/miniconda3/lib/python3.7/site-packages/urllib3/connectionpool.py", line 398, in _make_request
    conn.request(method, url, **httplib_request_kw)
  File "/home/au555720/miniconda3/lib/python3.7/site-packages/urllib3/connection.py", line 239, in request
    super(HTTPConnection, self).request(method, url, body=body, headers=headers)
  File "/home/au555720/miniconda3/lib/python3.7/http/client.py", line 1281, in request
    self._send_request(method, url, body, headers, encode_chunked)
  File "/home/au555720/miniconda3/lib/python3.7/http/client.py", line 1327, in _send_request
    self.endheaders(body, encode_chunked=encode_chunked)
  File "/home/au555720/miniconda3/lib/python3.7/http/client.py", line 1276, in endheaders
    self._send_output(message_body, encode_chunked=encode_chunked)
  File "/home/au555720/miniconda3/lib/python3.7/http/client.py", line 1036, in _send_output
    self.send(msg)
  File "/home/au555720/miniconda3/lib/python3.7/http/client.py", line 976, in send
    self.connect()
  File "/home/au555720/miniconda3/lib/python3.7/site-packages/urllib3/connection.py", line 205, in connect
    conn = self._new_conn()
  File "/home/au555720/miniconda3/lib/python3.7/site-packages/urllib3/connection.py", line 187, in _new_conn
    self, "Failed to establish a new connection: %s" % e
urllib3.exceptions.NewConnectionError: <urllib3.connection.HTTPConnection object at 0x7f52d0d2ba90>: Failed to establish a new connection: [Errno 111] Connection refused

During handling of the above exception, another exception occurred:

Traceback (most recent call last):
  File "CharmmGuiAuto.py", line 708, in run
    self.clear_ion()
  File "CharmmGuiAuto.py", line 320, in clear_ion
    self.driver.implicitly_wait(10)
  File "/home/au555720/miniconda3/lib/python3.7/site-packages/selenium/webdriver/remote/webdriver.py", line 1149, in implicitly_wait
    'implicit': int(float(time_to_wait) * 1000)})
  File "/home/au555720/miniconda3/lib/python3.7/site-packages/selenium/webdriver/remote/webdriver.py", line 422, in execute
    response = self.command_executor.execute(driver_command, params)
  File "/home/au555720/miniconda3/lib/python3.7/site-packages/selenium/webdriver/remote/remote_connection.py", line 421, in execute
    return self._request(command_info[0], url, body=data)
  File "/home/au555720/miniconda3/lib/python3.7/site-packages/selenium/webdriver/remote/remote_connection.py", line 443, in _request
    resp = self._conn.request(method, url, body=body, headers=headers)
  File "/home/au555720/miniconda3/lib/python3.7/site-packages/urllib3/request.py", line 79, in request
    method, url, fields=fields, headers=headers, **urlopen_kw
  File "/home/au555720/miniconda3/lib/python3.7/site-packages/urllib3/request.py", line 170, in request_encode_body
    return self.urlopen(method, url, **extra_kw)
  File "/home/au555720/miniconda3/lib/python3.7/site-packages/urllib3/poolmanager.py", line 376, in urlopen
    response = conn.urlopen(method, u.request_uri, **kw)
  File "/home/au555720/miniconda3/lib/python3.7/site-packages/urllib3/connectionpool.py", line 828, in urlopen
    **response_kw
  File "/home/au555720/miniconda3/lib/python3.7/site-packages/urllib3/connectionpool.py", line 828, in urlopen
    **response_kw
  File "/home/au555720/miniconda3/lib/python3.7/site-packages/urllib3/connectionpool.py", line 828, in urlopen
    **response_kw
  File "/home/au555720/miniconda3/lib/python3.7/site-packages/urllib3/connectionpool.py", line 788, in urlopen
    method, url, error=e, _pool=self, _stacktrace=sys.exc_info()[2]
  File "/home/au555720/miniconda3/lib/python3.7/site-packages/urllib3/util/retry.py", line 592, in increment
    raise MaxRetryError(_pool, url, error or ResponseError(cause))
urllib3.exceptions.MaxRetryError: HTTPConnectionPool(host='localhost', port=57281): Max retries exceeded with url: /session/bab55c6e-9f8e-4951-9b63-0667bfcbbfb8/timeouts (Caused by NewConnectionError('<urllib3.connection.HTTPConnection object at 0x7f52d0d2ba90>: Failed to establish a new connection: [Errno 111] Connection refused'))
Exception raised
.{'system_type': {'system_type': 'M'}, 'system_info': {'headless': True, 'system': 'membrane', 'path_out': '/home/au555720/charmm_auto/charmmgui/'}, 'details': {'lengthZ': {'option': None}, 'lipids': [{'lipid': 'chl1', 'upper': 1, 'lower': 1}, {'lipid': 'popc', 'upper': 10, 'lower': 10}], 'naas': [{'lipid': 'LAU', 'aa': 'GLY', 'cter': 'CTER', 'lower': 1, 'upper': 1}], 'email': '201605043@post.au.dk', 'engine': 'gmx', 'ff': 'c36m', 'ions': 'NaCl', 'password': '6KNzBsY37wQc', 'temp': 310}}
/home/au555720/charmm_auto/charmmgui/dcmmidPRHl
Waiting for: Protein/Membrane System
Found it!
Waiting for: default surface area
Found it!
JOB ID: 6685538653
Waiting for: Calculated XY System Size
Found it!
Waiting for: Component Building Options
Found it!
Waiting for: Building Ion and Waterbox
Found it!
Waiting for: Assemble Generated Components
Found it!
Waiting for: Force Field Options
Found it!
Waiting for: Equilibration Input Notes
Still waiting for: Equilibration Input Notes (time elapsed 5.34 minutes)
Found it!
Ready to download from retrive job id JOB ID: 6685538653
starting download
Download done - unpacking starting
Unpacked
Job done - output under "/home/au555720/charmm_auto/charmmgui/charmm-gui-6685538653"
.
----------------------------------------------------------------------
Ran 4 tests in 64346.203s

OK
