{'system_type': {'system_type': 'MP'}, 'system_info': {'headless': True, 'system': 'membrane', 'path_out': '/home/au555720/charmm_auto/charmmgui/'}, 'details': {'preserve': {'option': True}, 'chains': [['PROB', 'first', 'ACE'], ['PROB', 'last', 'CT3']], 'lengthZ': {'option': None}, 'lipids': [{'lipid': 'chl1', 'upper': 1, 'lower': 1}, {'lipid': 'popc', 'upper': 10, 'lower': 10}], 'naas': [{'lipid': 'LAU', 'aa': 'GLY', 'cter': 'CTER', 'lower': 1, 'upper': 1}], 'orientation': {'option': 'PDB'}, 'email': '201605043@post.au.dk', 'engine': 'gmx', 'ff': 'c36m', 'file_name': 'ins_trans.pdb', 'ions': 'NaCl', 'password': '6KNzBsY37wQc', 'path': '/home/au555720/charmm_auto/charmmgui/Example_input_yaml/', 'temp': 310}}
/home/au555720/charmm_auto/charmmgui/yPHJvLGihS
Waiting for: Protein/Membrane System
Found it!
Waiting for: Model/Chain Selection Option
Found it!
JOB ID: 6685863562
Waiting for: PDB Manipulation Options
Found it!
Waiting for: Area Calculation Options
Found it!
None
Waiting for: default surface area
Found it!
Waiting for: Calculated XY System Size
Found it!
Waiting for: Component Building Options
Found it!
Waiting for: Building Ion and Waterbox
Found it!
Waiting for: Assemble Generated Components
Found it!
Waiting for: Force Field Options
Found it!
Waiting for: to continue equilibration and production simulations
Still waiting for: to continue equilibration and production simulations (time elapsed 5.32 minutes)
Still waiting for: to continue equilibration and production simulations (time elapsed 10.50 minutes)
Still waiting for: to continue equilibration and production simulations (time elapsed 15.68 minutes)
Still waiting for: to continue equilibration and production simulations (time elapsed 20.86 minutes)
Still waiting for: to continue equilibration and production simulations (time elapsed 26.05 minutes)
Still waiting for: to continue equilibration and production simulations (time elapsed 31.22 minutes)
Still waiting for: to continue equilibration and production simulations (time elapsed 36.40 minutes)
Still waiting for: to continue equilibration and production simulations (time elapsed 41.58 minutes)
Still waiting for: to continue equilibration and production simulations (time elapsed 46.76 minutes)
Still waiting for: to continue equilibration and production simulations (time elapsed 51.95 minutes)
Still waiting for: to continue equilibration and production simulations (time elapsed 57.14 minutes)
Still waiting for: to continue equilibration and production simulations (time elapsed 62.32 minutes)
Still waiting for: to continue equilibration and production simulations (time elapsed 67.49 minutes)
Still waiting for: to continue equilibration and production simulations (time elapsed 72.67 minutes)
Still waiting for: to continue equilibration and production simulations (time elapsed 77.85 minutes)
Still waiting for: to continue equilibration and production simulations (time elapsed 83.03 minutes)
Still waiting for: to continue equilibration and production simulations (time elapsed 88.21 minutes)
Still waiting for: to continue equilibration and production simulations (time elapsed 93.40 minutes)
Still waiting for: to continue equilibration and production simulations (time elapsed 98.58 minutes)
Still waiting for: to continue equilibration and production simulations (time elapsed 103.77 minutes)
Still waiting for: to continue equilibration and production simulations (time elapsed 108.95 minutes)
Still waiting for: to continue equilibration and production simulations (time elapsed 114.13 minutes)
Still waiting for: to continue equilibration and production simulations (time elapsed 119.31 minutes)
Still waiting for: to continue equilibration and production simulations (time elapsed 124.50 minutes)
Still waiting for: to continue equilibration and production simulations (time elapsed 129.68 minutes)
Still waiting for: to continue equilibration and production simulations (time elapsed 134.87 minutes)
Still waiting for: to continue equilibration and production simulations (time elapsed 140.04 minutes)
Still waiting for: to continue equilibration and production simulations (time elapsed 145.23 minutes)
Still waiting for: to continue equilibration and production simulations (time elapsed 150.41 minutes)
Still waiting for: to continue equilibration and production simulations (time elapsed 155.60 minutes)
Still waiting for: to continue equilibration and production simulations (time elapsed 160.78 minutes)
Still waiting for: to continue equilibration and production simulations (time elapsed 165.95 minutes)
Still waiting for: to continue equilibration and production simulations (time elapsed 171.14 minutes)
Still waiting for: to continue equilibration and production simulations (time elapsed 176.32 minutes)
Still waiting for: to continue equilibration and production simulations (time elapsed 181.50 minutes)
Still waiting for: to continue equilibration and production simulations (time elapsed 186.68 minutes)
Still waiting for: to continue equilibration and production simulations (time elapsed 191.86 minutes)
Still waiting for: to continue equilibration and production simulations (time elapsed 197.04 minutes)
Still waiting for: to continue equilibration and production simulations (time elapsed 202.22 minutes)
Still waiting for: to continue equilibration and production simulations (time elapsed 207.40 minutes)
Still waiting for: to continue equilibration and production simulations (time elapsed 212.58 minutes)
Still waiting for: to continue equilibration and production simulations (time elapsed 217.77 minutes)
Still waiting for: to continue equilibration and production simulations (time elapsed 222.95 minutes)
Still waiting for: to continue equilibration and production simulations (time elapsed 228.13 minutes)
Still waiting for: to continue equilibration and production simulations (time elapsed 233.31 minutes)
Still waiting for: to continue equilibration and production simulations (time elapsed 238.50 minutes)
Still waiting for: to continue equilibration and production simulations (time elapsed 243.67 minutes)
Still waiting for: to continue equilibration and production simulations (time elapsed 248.85 minutes)
Still waiting for: to continue equilibration and production simulations (time elapsed 254.03 minutes)
Still waiting for: to continue equilibration and production simulations (time elapsed 259.21 minutes)
Still waiting for: to continue equilibration and production simulations (time elapsed 264.39 minutes)
Still waiting for: to continue equilibration and production simulations (time elapsed 269.57 minutes)
Still waiting for: to continue equilibration and production simulations (time elapsed 274.76 minutes)
Still waiting for: to continue equilibration and production simulations (time elapsed 279.94 minutes)
Still waiting for: to continue equilibration and production simulations (time elapsed 285.12 minutes)
Still waiting for: to continue equilibration and production simulations (time elapsed 290.30 minutes)
Still waiting for: to continue equilibration and production simulations (time elapsed 295.48 minutes)
Still waiting for: to continue equilibration and production simulations (time elapsed 300.66 minutes)
Still waiting for: to continue equilibration and production simulations (time elapsed 305.84 minutes)
Still waiting for: to continue equilibration and production simulations (time elapsed 311.02 minutes)
Still waiting for: to continue equilibration and production simulations (time elapsed 316.20 minutes)
Still waiting for: to continue equilibration and production simulations (time elapsed 321.39 minutes)
Still waiting for: to continue equilibration and production simulations (time elapsed 326.57 minutes)
Still waiting for: to continue equilibration and production simulations (time elapsed 331.75 minutes)
Still waiting for: to continue equilibration and production simulations (time elapsed 336.93 minutes)
Still waiting for: to continue equilibration and production simulations (time elapsed 342.12 minutes)
Still waiting for: to continue equilibration and production simulations (time elapsed 347.30 minutes)
Still waiting for: to continue equilibration and production simulations (time elapsed 352.48 minutes)
Still waiting for: to continue equilibration and production simulations (time elapsed 357.66 minutes)
Still waiting for: to continue equilibration and production simulations (time elapsed 362.85 minutes)
Still waiting for: to continue equilibration and production simulations (time elapsed 368.02 minutes)
Still waiting for: to continue equilibration and production simulations (time elapsed 373.20 minutes)
Still waiting for: to continue equilibration and production simulations (time elapsed 378.39 minutes)
Still waiting for: to continue equilibration and production simulations (time elapsed 383.57 minutes)
Still waiting for: to continue equilibration and production simulations (time elapsed 388.75 minutes)
Still waiting for: to continue equilibration and production simulations (time elapsed 393.93 minutes)
Still waiting for: to continue equilibration and production simulations (time elapsed 399.12 minutes)
Still waiting for: to continue equilibration and production simulations (time elapsed 404.30 minutes)
Still waiting for: to continue equilibration and production simulations (time elapsed 409.49 minutes)
Still waiting for: to continue equilibration and production simulations (time elapsed 414.67 minutes)
Still waiting for: to continue equilibration and production simulations (time elapsed 419.85 minutes)
Still waiting for: to continue equilibration and production simulations (time elapsed 425.03 minutes)
Still waiting for: to continue equilibration and production simulations (time elapsed 430.21 minutes)
Still waiting for: to continue equilibration and production simulations (time elapsed 435.40 minutes)
Still waiting for: to continue equilibration and production simulations (time elapsed 440.58 minutes)
Still waiting for: to continue equilibration and production simulations (time elapsed 445.77 minutes)
Still waiting for: to continue equilibration and production simulations (time elapsed 450.95 minutes)
Still waiting for: to continue equilibration and production simulations (time elapsed 456.14 minutes)
Still waiting for: to continue equilibration and production simulations (time elapsed 461.32 minutes)
Still waiting for: to continue equilibration and production simulations (time elapsed 466.51 minutes)
Still waiting for: to continue equilibration and production simulations (time elapsed 471.69 minutes)
Still waiting for: to continue equilibration and production simulations (time elapsed 476.87 minutes)
Still waiting for: to continue equilibration and production simulations (time elapsed 482.05 minutes)
Still waiting for: to continue equilibration and production simulations (time elapsed 487.24 minutes)
Still waiting for: to continue equilibration and production simulations (time elapsed 492.41 minutes)
Still waiting for: to continue equilibration and production simulations (time elapsed 497.59 minutes)
Still waiting for: to continue equilibration and production simulations (time elapsed 502.77 minutes)
Still waiting for: to continue equilibration and production simulations (time elapsed 507.95 minutes)
Still waiting for: to continue equilibration and production simulations (time elapsed 513.14 minutes)
Still waiting for: to continue equilibration and production simulations (time elapsed 518.31 minutes)
Still waiting for: to continue equilibration and production simulations (time elapsed 523.50 minutes)
Still waiting for: to continue equilibration and production simulations (time elapsed 528.68 minutes)
Still waiting for: to continue equilibration and production simulations (time elapsed 533.86 minutes)
Still waiting for: to continue equilibration and production simulations (time elapsed 539.04 minutes)
Still waiting for: to continue equilibration and production simulations (time elapsed 544.23 minutes)
Still waiting for: to continue equilibration and production simulations (time elapsed 549.40 minutes)
Still waiting for: to continue equilibration and production simulations (time elapsed 554.58 minutes)
Still waiting for: to continue equilibration and production simulations (time elapsed 559.76 minutes)
Still waiting for: to continue equilibration and production simulations (time elapsed 564.94 minutes)
Still waiting for: to continue equilibration and production simulations (time elapsed 570.13 minutes)
Still waiting for: to continue equilibration and production simulations (time elapsed 575.31 minutes)
Still waiting for: to continue equilibration and production simulations (time elapsed 580.49 minutes)
Still waiting for: to continue equilibration and production simulations (time elapsed 585.67 minutes)
Still waiting for: to continue equilibration and production simulations (time elapsed 590.86 minutes)
Still waiting for: to continue equilibration and production simulations (time elapsed 596.04 minutes)
Still waiting for: to continue equilibration and production simulations (time elapsed 601.21 minutes)
Still waiting for: to continue equilibration and production simulations (time elapsed 606.39 minutes)
Still waiting for: to continue equilibration and production simulations (time elapsed 611.57 minutes)
Still waiting for: to continue equilibration and production simulations (time elapsed 616.75 minutes)
Still waiting for: to continue equilibration and production simulations (time elapsed 621.94 minutes)
Still waiting for: to continue equilibration and production simulations (time elapsed 627.11 minutes)
Still waiting for: to continue equilibration and production simulations (time elapsed 632.30 minutes)
Still waiting for: to continue equilibration and production simulations (time elapsed 637.48 minutes)
Still waiting for: to continue equilibration and production simulations (time elapsed 642.66 minutes)
Still waiting for: to continue equilibration and production simulations (time elapsed 647.85 minutes)
Still waiting for: to continue equilibration and production simulations (time elapsed 653.03 minutes)
Still waiting for: to continue equilibration and production simulations (time elapsed 658.22 minutes)
Still waiting for: to continue equilibration and production simulations (time elapsed 663.39 minutes)
Still waiting for: to continue equilibration and production simulations (time elapsed 668.58 minutes)
Still waiting for: to continue equilibration and production simulations (time elapsed 673.75 minutes)
Still waiting for: to continue equilibration and production simulations (time elapsed 678.94 minutes)
Still waiting for: to continue equilibration and production simulations (time elapsed 684.12 minutes)
Still waiting for: to continue equilibration and production simulations (time elapsed 689.31 minutes)
Still waiting for: to continue equilibration and production simulations (time elapsed 694.48 minutes)
Still waiting for: to continue equilibration and production simulations (time elapsed 699.66 minutes)
Still waiting for: to continue equilibration and production simulations (time elapsed 704.84 minutes)
Still waiting for: to continue equilibration and production simulations (time elapsed 710.03 minutes)
Still waiting for: to continue equilibration and production simulations (time elapsed 715.21 minutes)
Still waiting for: to continue equilibration and production simulations (time elapsed 720.38 minutes)
Still waiting for: to continue equilibration and production simulations (time elapsed 725.57 minutes)
Still waiting for: to continue equilibration and production simulations (time elapsed 730.75 minutes)
Still waiting for: to continue equilibration and production simulations (time elapsed 735.94 minutes)
Still waiting for: to continue equilibration and production simulations (time elapsed 741.11 minutes)
Still waiting for: to continue equilibration and production simulations (time elapsed 746.30 minutes)
Still waiting for: to continue equilibration and production simulations (time elapsed 751.47 minutes)
Still waiting for: to continue equilibration and production simulations (time elapsed 756.65 minutes)
Still waiting for: to continue equilibration and production simulations (time elapsed 761.83 minutes)
Still waiting for: to continue equilibration and production simulations (time elapsed 767.01 minutes)
Still waiting for: to continue equilibration and production simulations (time elapsed 772.19 minutes)
Still waiting for: to continue equilibration and production simulations (time elapsed 777.37 minutes)
Still waiting for: to continue equilibration and production simulations (time elapsed 782.54 minutes)
Still waiting for: to continue equilibration and production simulations (time elapsed 787.73 minutes)
Still waiting for: to continue equilibration and production simulations (time elapsed 792.91 minutes)
Still waiting for: to continue equilibration and production simulations (time elapsed 798.09 minutes)
Still waiting for: to continue equilibration and production simulations (time elapsed 803.27 minutes)
Still waiting for: to continue equilibration and production simulations (time elapsed 808.46 minutes)
Still waiting for: to continue equilibration and production simulations (time elapsed 813.63 minutes)
Still waiting for: to continue equilibration and production simulations (time elapsed 818.81 minutes)
Still waiting for: to continue equilibration and production simulations (time elapsed 823.99 minutes)
Still waiting for: to continue equilibration and production simulations (time elapsed 829.17 minutes)
Still waiting for: to continue equilibration and production simulations (time elapsed 834.35 minutes)
Still waiting for: to continue equilibration and production simulations (time elapsed 839.53 minutes)
Still waiting for: to continue equilibration and production simulations (time elapsed 844.71 minutes)
Still waiting for: to continue equilibration and production simulations (time elapsed 849.89 minutes)
Still waiting for: to continue equilibration and production simulations (time elapsed 855.07 minutes)
Still waiting for: to continue equilibration and production simulations (time elapsed 860.24 minutes)
Still waiting for: to continue equilibration and production simulations (time elapsed 865.42 minutes)
Still waiting for: to continue equilibration and production simulations (time elapsed 870.61 minutes)
Still waiting for: to continue equilibration and production simulations (time elapsed 875.79 minutes)
Still waiting for: to continue equilibration and production simulations (time elapsed 880.97 minutes)
Still waiting for: to continue equilibration and production simulations (time elapsed 886.15 minutes)
Still waiting for: to continue equilibration and production simulations (time elapsed 891.33 minutes)
Still waiting for: to continue equilibration and production simulations (time elapsed 896.51 minutes)
Still waiting for: to continue equilibration and production simulations (time elapsed 901.69 minutes)
Still waiting for: to continue equilibration and production simulations (time elapsed 906.87 minutes)
Still waiting for: to continue equilibration and production simulations (time elapsed 912.04 minutes)
Still waiting for: to continue equilibration and production simulations (time elapsed 917.22 minutes)
Still waiting for: to continue equilibration and production simulations (time elapsed 922.41 minutes)
Still waiting for: to continue equilibration and production simulations (time elapsed 927.59 minutes)
Still waiting for: to continue equilibration and production simulations (time elapsed 932.78 minutes)
Still waiting for: to continue equilibration and production simulations (time elapsed 937.95 minutes)
Still waiting for: to continue equilibration and production simulations (time elapsed 943.14 minutes)
Still waiting for: to continue equilibration and production simulations (time elapsed 948.32 minutes)
Still waiting for: to continue equilibration and production simulations (time elapsed 953.49 minutes)
Still waiting for: to continue equilibration and production simulations (time elapsed 958.68 minutes)
Still waiting for: to continue equilibration and production simulations (time elapsed 963.86 minutes)
Still waiting for: to continue equilibration and production simulations (time elapsed 969.04 minutes)
Still waiting for: to continue equilibration and production simulations (time elapsed 974.22 minutes)
Still waiting for: to continue equilibration and production simulations (time elapsed 979.39 minutes)
Still waiting for: to continue equilibration and production simulations (time elapsed 984.57 minutes)
Still waiting for: to continue equilibration and production simulations (time elapsed 989.76 minutes)
Still waiting for: to continue equilibration and production simulations (time elapsed 994.94 minutes)
Still waiting for: to continue equilibration and production simulations (time elapsed 1000.12 minutes)
Still waiting for: to continue equilibration and production simulations (time elapsed 1005.30 minutes)
Still waiting for: to continue equilibration and production simulations (time elapsed 1010.48 minutes)
Still waiting for: to continue equilibration and production simulations (time elapsed 1015.66 minutes)
Still waiting for: to continue equilibration and production simulations (time elapsed 1020.84 minutes)
Still waiting for: to continue equilibration and production simulations (time elapsed 1026.02 minutes)
Still waiting for: to continue equilibration and production simulations (time elapsed 1031.20 minutes)
Still waiting for: to continue equilibration and production simulations (time elapsed 1036.38 minutes)
Still waiting for: to continue equilibration and production simulations (time elapsed 1041.56 minutes)
Still waiting for: to continue equilibration and production simulations (time elapsed 1046.74 minutes)
Still waiting for: to continue equilibration and production simulations (time elapsed 1051.93 minutes)
Still waiting for: to continue equilibration and production simulations (time elapsed 1057.11 minutes)
Still waiting for: to continue equilibration and production simulations (time elapsed 1062.30 minutes)
Still waiting for: to continue equilibration and production simulations (time elapsed 1067.48 minutes)
Still waiting for: to continue equilibration and production simulations (time elapsed 1072.66 minutes)
Still waiting for: to continue equilibration and production simulations (time elapsed 1077.84 minutes)
Still waiting for: to continue equilibration and production simulations (time elapsed 1083.03 minutes)
Still waiting for: to continue equilibration and production simulations (time elapsed 1088.21 minutes)
Still waiting for: to continue equilibration and production simulations (time elapsed 1093.39 minutes)
Still waiting for: to continue equilibration and production simulations (time elapsed 1098.57 minutes)
Still waiting for: to continue equilibration and production simulations (time elapsed 1103.75 minutes)
Still waiting for: to continue equilibration and production simulations (time elapsed 1108.94 minutes)
Still waiting for: to continue equilibration and production simulations (time elapsed 1114.12 minutes)
Still waiting for: to continue equilibration and production simulations (time elapsed 1119.30 minutes)
Still waiting for: to continue equilibration and production simulations (time elapsed 1124.48 minutes)
Still waiting for: to continue equilibration and production simulations (time elapsed 1129.65 minutes)
Still waiting for: to continue equilibration and production simulations (time elapsed 1134.84 minutes)
Still waiting for: to continue equilibration and production simulations (time elapsed 1140.02 minutes)
Still waiting for: to continue equilibration and production simulations (time elapsed 1145.20 minutes)
Still waiting for: to continue equilibration and production simulations (time elapsed 1150.39 minutes)
Still waiting for: to continue equilibration and production simulations (time elapsed 1155.56 minutes)
Still waiting for: to continue equilibration and production simulations (time elapsed 1160.74 minutes)
Still waiting for: to continue equilibration and production simulations (time elapsed 1165.92 minutes)
Still waiting for: to continue equilibration and production simulations (time elapsed 1171.10 minutes)
Still waiting for: to continue equilibration and production simulations (time elapsed 1176.28 minutes)
Still waiting for: to continue equilibration and production simulations (time elapsed 1181.46 minutes)
Still waiting for: to continue equilibration and production simulations (time elapsed 1186.64 minutes)
Still waiting for: to continue equilibration and production simulations (time elapsed 1191.83 minutes)
Still waiting for: to continue equilibration and production simulations (time elapsed 1197.01 minutes)
Still waiting for: to continue equilibration and production simulations (time elapsed 1202.20 minutes)
Still waiting for: to continue equilibration and production simulations (time elapsed 1207.37 minutes)
Still waiting for: to continue equilibration and production simulations (time elapsed 1212.56 minutes)
Still waiting for: to continue equilibration and production simulations (time elapsed 1217.74 minutes)
Still waiting for: to continue equilibration and production simulations (time elapsed 1222.93 minutes)
Still waiting for: to continue equilibration and production simulations (time elapsed 1228.11 minutes)
Still waiting for: to continue equilibration and production simulations (time elapsed 1233.29 minutes)
Still waiting for: to continue equilibration and production simulations (time elapsed 1238.47 minutes)
Still waiting for: to continue equilibration and production simulations (time elapsed 1243.65 minutes)
Still waiting for: to continue equilibration and production simulations (time elapsed 1248.83 minutes)
Still waiting for: to continue equilibration and production simulations (time elapsed 1254.01 minutes)
Still waiting for: to continue equilibration and production simulations (time elapsed 1259.19 minutes)
Still waiting for: to continue equilibration and production simulations (time elapsed 1264.37 minutes)
Still waiting for: to continue equilibration and production simulations (time elapsed 1269.56 minutes)
Still waiting for: to continue equilibration and production simulations (time elapsed 1274.74 minutes)
Still waiting for: to continue equilibration and production simulations (time elapsed 1279.93 minutes)
Still waiting for: to continue equilibration and production simulations (time elapsed 1285.11 minutes)
Still waiting for: to continue equilibration and production simulations (time elapsed 1290.29 minutes)
Still waiting for: to continue equilibration and production simulations (time elapsed 1295.47 minutes)
Still waiting for: to continue equilibration and production simulations (time elapsed 1300.65 minutes)
Still waiting for: to continue equilibration and production simulations (time elapsed 1305.84 minutes)
Still waiting for: to continue equilibration and production simulations (time elapsed 1311.02 minutes)
Still waiting for: to continue equilibration and production simulations (time elapsed 1316.20 minutes)
Still waiting for: to continue equilibration and production simulations (time elapsed 1321.38 minutes)
Still waiting for: to continue equilibration and production simulations (time elapsed 1326.55 minutes)
Still waiting for: to continue equilibration and production simulations (time elapsed 1331.74 minutes)
Still waiting for: to continue equilibration and production simulations (time elapsed 1336.92 minutes)
Still waiting for: to continue equilibration and production simulations (time elapsed 1342.10 minutes)
Still waiting for: to continue equilibration and production simulations (time elapsed 1347.29 minutes)
Still waiting for: to continue equilibration and production simulations (time elapsed 1352.47 minutes)
Still waiting for: to continue equilibration and production simulations (time elapsed 1357.65 minutes)
Still waiting for: to continue equilibration and production simulations (time elapsed 1362.83 minutes)
Still waiting for: to continue equilibration and production simulations (time elapsed 1368.02 minutes)
Still waiting for: to continue equilibration and production simulations (time elapsed 1373.20 minutes)
Still waiting for: to continue equilibration and production simulations (time elapsed 1378.38 minutes)
Still waiting for: to continue equilibration and production simulations (time elapsed 1383.57 minutes)
Still waiting for: to continue equilibration and production simulations (time elapsed 1388.74 minutes)
Still waiting for: to continue equilibration and production simulations (time elapsed 1393.92 minutes)
Still waiting for: to continue equilibration and production simulations (time elapsed 1399.10 minutes)
Still waiting for: to continue equilibration and production simulations (time elapsed 1404.28 minutes)
Still waiting for: to continue equilibration and production simulations (time elapsed 1409.46 minutes)
Still waiting for: to continue equilibration and production simulations (time elapsed 1414.64 minutes)
Still waiting for: to continue equilibration and production simulations (time elapsed 1419.82 minutes)
Still waiting for: to continue equilibration and production simulations (time elapsed 1425.00 minutes)
Still waiting for: to continue equilibration and production simulations (time elapsed 1430.19 minutes)
Still waiting for: to continue equilibration and production simulations (time elapsed 1435.37 minutes)
Still waiting for: to continue equilibration and production simulations (time elapsed 1440.55 minutes)
Still waiting for: to continue equilibration and production simulations (time elapsed 1445.74 minutes)
Still waiting for: to continue equilibration and production simulations (time elapsed 1450.92 minutes)
Still waiting for: to continue equilibration and production simulations (time elapsed 1456.10 minutes)
Still waiting for: to continue equilibration and production simulations (time elapsed 1461.28 minutes)
Still waiting for: to continue equilibration and production simulations (time elapsed 1466.47 minutes)
Still waiting for: to continue equilibration and production simulations (time elapsed 1471.65 minutes)
Still waiting for: to continue equilibration and production simulations (time elapsed 1476.83 minutes)
Still waiting for: to continue equilibration and production simulations (time elapsed 1482.00 minutes)
Still waiting for: to continue equilibration and production simulations (time elapsed 1487.19 minutes)
Still waiting for: to continue equilibration and production simulations (time elapsed 1492.37 minutes)
Still waiting for: to continue equilibration and production simulations (time elapsed 1497.55 minutes)
Still waiting for: to continue equilibration and production simulations (time elapsed 1502.73 minutes)
Still waiting for: to continue equilibration and production simulations (time elapsed 1507.91 minutes)
Still waiting for: to continue equilibration and production simulations (time elapsed 1513.09 minutes)
Still waiting for: to continue equilibration and production simulations (time elapsed 1518.28 minutes)
Still waiting for: to continue equilibration and production simulations (time elapsed 1523.45 minutes)
Still waiting for: to continue equilibration and production simulations (time elapsed 1528.63 minutes)
Still waiting for: to continue equilibration and production simulations (time elapsed 1533.82 minutes)
Still waiting for: to continue equilibration and production simulations (time elapsed 1539.00 minutes)
Still waiting for: to continue equilibration and production simulations (time elapsed 1544.18 minutes)
Still waiting for: to continue equilibration and production simulations (time elapsed 1549.36 minutes)
Still waiting for: to continue equilibration and production simulations (time elapsed 1554.53 minutes)
Still waiting for: to continue equilibration and production simulations (time elapsed 1559.71 minutes)
Still waiting for: to continue equilibration and production simulations (time elapsed 1564.89 minutes)
Still waiting for: to continue equilibration and production simulations (time elapsed 1570.07 minutes)
Still waiting for: to continue equilibration and production simulations (time elapsed 1575.25 minutes)
Still waiting for: to continue equilibration and production simulations (time elapsed 1580.43 minutes)
Still waiting for: to continue equilibration and production simulations (time elapsed 1585.61 minutes)
Still waiting for: to continue equilibration and production simulations (time elapsed 1590.80 minutes)
Still waiting for: to continue equilibration and production simulations (time elapsed 1595.98 minutes)
Still waiting for: to continue equilibration and production simulations (time elapsed 1601.16 minutes)
Still waiting for: to continue equilibration and production simulations (time elapsed 1606.34 minutes)
Still waiting for: to continue equilibration and production simulations (time elapsed 1611.52 minutes)
Still waiting for: to continue equilibration and production simulations (time elapsed 1616.70 minutes)
Still waiting for: to continue equilibration and production simulations (time elapsed 1621.89 minutes)
Still waiting for: to continue equilibration and production simulations (time elapsed 1627.07 minutes)
Still waiting for: to continue equilibration and production simulations (time elapsed 1632.26 minutes)
Still waiting for: to continue equilibration and production simulations (time elapsed 1637.44 minutes)
Still waiting for: to continue equilibration and production simulations (time elapsed 1642.62 minutes)
Still waiting for: to continue equilibration and production simulations (time elapsed 1647.80 minutes)
Still waiting for: to continue equilibration and production simulations (time elapsed 1652.99 minutes)
Still waiting for: to continue equilibration and production simulations (time elapsed 1658.17 minutes)
Still waiting for: to continue equilibration and production simulations (time elapsed 1663.35 minutes)
Still waiting for: to continue equilibration and production simulations (time elapsed 1668.52 minutes)
Still waiting for: to continue equilibration and production simulations (time elapsed 1673.70 minutes)
Still waiting for: to continue equilibration and production simulations (time elapsed 1678.88 minutes)
Still waiting for: to continue equilibration and production simulations (time elapsed 1684.06 minutes)
Still waiting for: to continue equilibration and production simulations (time elapsed 1689.24 minutes)
Still waiting for: to continue equilibration and production simulations (time elapsed 1694.43 minutes)
Still waiting for: to continue equilibration and production simulations (time elapsed 1699.61 minutes)
Still waiting for: to continue equilibration and production simulations (time elapsed 1704.80 minutes)
Still waiting for: to continue equilibration and production simulations (time elapsed 1709.97 minutes)
Still waiting for: to continue equilibration and production simulations (time elapsed 1715.15 minutes)
Still waiting for: to continue equilibration and production simulations (time elapsed 1720.32 minutes)
Still waiting for: to continue equilibration and production simulations (time elapsed 1725.50 minutes)
Still waiting for: to continue equilibration and production simulations (time elapsed 1730.68 minutes)
Still waiting for: to continue equilibration and production simulations (time elapsed 1735.87 minutes)
Still waiting for: to continue equilibration and production simulations (time elapsed 1741.05 minutes)
Still waiting for: to continue equilibration and production simulations (time elapsed 1746.23 minutes)
Still waiting for: to continue equilibration and production simulations (time elapsed 1751.41 minutes)
Still waiting for: to continue equilibration and production simulations (time elapsed 1756.59 minutes)
Still waiting for: to continue equilibration and production simulations (time elapsed 1761.77 minutes)
Still waiting for: to continue equilibration and production simulations (time elapsed 1766.94 minutes)
Still waiting for: to continue equilibration and production simulations (time elapsed 1772.13 minutes)
Still waiting for: to continue equilibration and production simulations (time elapsed 1777.31 minutes)
Still waiting for: to continue equilibration and production simulations (time elapsed 1782.49 minutes)
Still waiting for: to continue equilibration and production simulations (time elapsed 1787.67 minutes)
Still waiting for: to continue equilibration and production simulations (time elapsed 1792.86 minutes)
window has been closed
starting download
Traceback (most recent call last):
  File "/home/au555720/miniconda3/lib/python3.7/site-packages/urllib3/connection.py", line 175, in _new_conn
    (self._dns_host, self.port), self.timeout, **extra_kw
  File "/home/au555720/miniconda3/lib/python3.7/site-packages/urllib3/util/connection.py", line 95, in create_connection
    raise err
  File "/home/au555720/miniconda3/lib/python3.7/site-packages/urllib3/util/connection.py", line 85, in create_connection
    sock.connect(sa)
ConnectionRefusedError: [Errno 111] Connection refused

During handling of the above exception, another exception occurred:

Traceback (most recent call last):
  File "/home/au555720/miniconda3/lib/python3.7/site-packages/urllib3/connectionpool.py", line 710, in urlopen
    chunked=chunked,
  File "/home/au555720/miniconda3/lib/python3.7/site-packages/urllib3/connectionpool.py", line 398, in _make_request
    conn.request(method, url, **httplib_request_kw)
  File "/home/au555720/miniconda3/lib/python3.7/site-packages/urllib3/connection.py", line 239, in request
    super(HTTPConnection, self).request(method, url, body=body, headers=headers)
  File "/home/au555720/miniconda3/lib/python3.7/http/client.py", line 1281, in request
    self._send_request(method, url, body, headers, encode_chunked)
  File "/home/au555720/miniconda3/lib/python3.7/http/client.py", line 1327, in _send_request
    self.endheaders(body, encode_chunked=encode_chunked)
  File "/home/au555720/miniconda3/lib/python3.7/http/client.py", line 1276, in endheaders
    self._send_output(message_body, encode_chunked=encode_chunked)
  File "/home/au555720/miniconda3/lib/python3.7/http/client.py", line 1036, in _send_output
    self.send(msg)
  File "/home/au555720/miniconda3/lib/python3.7/http/client.py", line 976, in send
    self.connect()
  File "/home/au555720/miniconda3/lib/python3.7/site-packages/urllib3/connection.py", line 205, in connect
    conn = self._new_conn()
  File "/home/au555720/miniconda3/lib/python3.7/site-packages/urllib3/connection.py", line 187, in _new_conn
    self, "Failed to establish a new connection: %s" % e
urllib3.exceptions.NewConnectionError: <urllib3.connection.HTTPConnection object at 0x7fafb82ff590>: Failed to establish a new connection: [Errno 111] Connection refused

During handling of the above exception, another exception occurred:

Traceback (most recent call last):
  File "CharmmGuiAuto.py", line 722, in run
    self.nxt()
  File "CharmmGuiAuto.py", line 363, in download
    self.driver.find_element(By.XPATH, '//*[@id="input"]/a').click()
  File "/home/au555720/miniconda3/lib/python3.7/site-packages/selenium/webdriver/remote/webdriver.py", line 1246, in find_element
    'value': value})['value']
  File "/home/au555720/miniconda3/lib/python3.7/site-packages/selenium/webdriver/remote/webdriver.py", line 422, in execute
    response = self.command_executor.execute(driver_command, params)
  File "/home/au555720/miniconda3/lib/python3.7/site-packages/selenium/webdriver/remote/remote_connection.py", line 421, in execute
    return self._request(command_info[0], url, body=data)
  File "/home/au555720/miniconda3/lib/python3.7/site-packages/selenium/webdriver/remote/remote_connection.py", line 443, in _request
    resp = self._conn.request(method, url, body=body, headers=headers)
  File "/home/au555720/miniconda3/lib/python3.7/site-packages/urllib3/request.py", line 79, in request
    method, url, fields=fields, headers=headers, **urlopen_kw
  File "/home/au555720/miniconda3/lib/python3.7/site-packages/urllib3/request.py", line 170, in request_encode_body
    return self.urlopen(method, url, **extra_kw)
  File "/home/au555720/miniconda3/lib/python3.7/site-packages/urllib3/poolmanager.py", line 376, in urlopen
    response = conn.urlopen(method, u.request_uri, **kw)
  File "/home/au555720/miniconda3/lib/python3.7/site-packages/urllib3/connectionpool.py", line 828, in urlopen
    **response_kw
  File "/home/au555720/miniconda3/lib/python3.7/site-packages/urllib3/connectionpool.py", line 828, in urlopen
    **response_kw
  File "/home/au555720/miniconda3/lib/python3.7/site-packages/urllib3/connectionpool.py", line 828, in urlopen
    **response_kw
  File "/home/au555720/miniconda3/lib/python3.7/site-packages/urllib3/connectionpool.py", line 788, in urlopen
    method, url, error=e, _pool=self, _stacktrace=sys.exc_info()[2]
  File "/home/au555720/miniconda3/lib/python3.7/site-packages/urllib3/util/retry.py", line 592, in increment
    raise MaxRetryError(_pool, url, error or ResponseError(cause))
urllib3.exceptions.MaxRetryError: HTTPConnectionPool(host='localhost', port=33801): Max retries exceeded with url: /session/34dc1b9f-7989-4329-868a-692ba239a91c/element (Caused by NewConnectionError('<urllib3.connection.HTTPConnection object at 0x7fafb82ff590>: Failed to establish a new connection: [Errno 111] Connection refused'))
Exception raised
